<?xml version="1.0" encoding="UTF-8"?>
<!-- Generated by org.testng.reporters.JUnitReportReporter -->
<testsuite hostname="DESKTOP-VK5373N" failures="0" tests="1" name="testCases.TC_003_CheckOutSixItems" time="2.375" errors="0" timestamp="2024-06-06T20:18:31 BST" skipped="0">
  <testcase classname="testCases.TC_003_CheckOutSixItems" name="checkOutSixItems" time="2.375"/>
</testsuite> <!-- testCases.TC_003_CheckOutSixItems -->
