<?xml version="1.0" encoding="UTF-8"?>
<!-- Generated by org.testng.reporters.JUnitReportReporter -->
<testsuite hostname="DESKTOP-VK5373N" failures="0" tests="1" name="testCases.TC_001_ValidateLogin" time="2.000" errors="0" timestamp="2024-06-23T12:54:19 BST" skipped="0">
  <testcase classname="testCases.TC_001_ValidateLogin" name="validLogin" time="2.000"/>
</testsuite> <!-- testCases.TC_001_ValidateLogin -->
